2025-09-08 20:43:33,548 - apscheduler.scheduler - INFO - Adding job tentatively -- it will be properly scheduled when the scheduler starts
2025-09-08 20:43:33,549 - apscheduler.scheduler - INFO - Added job "wake_up_app" to job store "default"
2025-09-08 20:43:33,549 - apscheduler.scheduler - INFO - Scheduler started
2025-09-08 20:43:33,553 - dotenv.main - WARNING - python-dotenv could not parse statement starting at line 10
2025-09-08 20:43:33,553 - dotenv.main - WARNING - python-dotenv could not parse statement starting at line 13
2025-09-08 20:43:33,555 - werkzeug - WARNING -  * Debugger is active!
2025-09-08 20:43:33,564 - werkzeug - INFO -  * Debugger PIN: 237-707-018
2025-09-08 20:43:36,357 - werkzeug - INFO -  * Detected change in '/Users/hrishikesh/Desktop/Video DeepResearch/TwelveLabs-Video-DeepResearch/backend/service/twelvelabs_service.py', reloading
2025-09-08 20:43:37,132 - apscheduler.scheduler - INFO - Adding job tentatively -- it will be properly scheduled when the scheduler starts
2025-09-08 20:43:37,133 - apscheduler.scheduler - INFO - Added job "wake_up_app" to job store "default"
2025-09-08 20:43:37,133 - apscheduler.scheduler - INFO - Scheduler started
2025-09-08 20:43:37,136 - dotenv.main - WARNING - python-dotenv could not parse statement starting at line 10
2025-09-08 20:43:37,136 - dotenv.main - WARNING - python-dotenv could not parse statement starting at line 13
2025-09-08 20:43:37,137 - werkzeug - WARNING -  * Debugger is active!
2025-09-08 20:43:37,141 - werkzeug - INFO -  * Debugger PIN: 237-707-018
2025-09-08 20:43:50,958 - werkzeug - INFO -  * Detected change in '/Users/hrishikesh/Desktop/Video DeepResearch/TwelveLabs-Video-DeepResearch/backend/service/sonar_service.py', reloading
2025-09-08 20:43:51,799 - apscheduler.scheduler - INFO - Adding job tentatively -- it will be properly scheduled when the scheduler starts
2025-09-08 20:43:51,799 - apscheduler.scheduler - INFO - Added job "wake_up_app" to job store "default"
2025-09-08 20:43:51,799 - apscheduler.scheduler - INFO - Scheduler started
2025-09-08 20:43:51,802 - dotenv.main - WARNING - python-dotenv could not parse statement starting at line 10
2025-09-08 20:43:51,802 - dotenv.main - WARNING - python-dotenv could not parse statement starting at line 13
2025-09-08 20:43:51,804 - werkzeug - WARNING -  * Debugger is active!
2025-09-08 20:43:51,809 - werkzeug - INFO -  * Debugger PIN: 237-707-018
2025-09-08 20:44:02,937 - werkzeug - INFO -  * Detected change in '/Users/hrishikesh/Desktop/Video DeepResearch/TwelveLabs-Video-DeepResearch/backend/service/sonar_service.py', reloading
2025-09-08 20:44:04,345 - apscheduler.scheduler - INFO - Adding job tentatively -- it will be properly scheduled when the scheduler starts
2025-09-08 20:44:04,345 - apscheduler.scheduler - INFO - Added job "wake_up_app" to job store "default"
2025-09-08 20:44:04,345 - apscheduler.scheduler - INFO - Scheduler started
2025-09-08 20:44:04,348 - dotenv.main - WARNING - python-dotenv could not parse statement starting at line 10
2025-09-08 20:44:04,348 - dotenv.main - WARNING - python-dotenv could not parse statement starting at line 13
2025-09-08 20:44:04,350 - werkzeug - WARNING -  * Debugger is active!
2025-09-08 20:44:04,355 - werkzeug - INFO -  * Debugger PIN: 237-707-018
2025-09-08 20:44:13,184 - werkzeug - INFO -  * Detected change in '/Users/hrishikesh/Desktop/Video DeepResearch/TwelveLabs-Video-DeepResearch/backend/service/sonar_service.py', reloading
2025-09-08 20:44:14,037 - apscheduler.scheduler - INFO - Adding job tentatively -- it will be properly scheduled when the scheduler starts
2025-09-08 20:44:14,037 - apscheduler.scheduler - INFO - Added job "wake_up_app" to job store "default"
2025-09-08 20:44:14,037 - apscheduler.scheduler - INFO - Scheduler started
2025-09-08 20:44:14,041 - dotenv.main - WARNING - python-dotenv could not parse statement starting at line 10
2025-09-08 20:44:14,041 - dotenv.main - WARNING - python-dotenv could not parse statement starting at line 13
2025-09-08 20:44:14,043 - werkzeug - WARNING -  * Debugger is active!
2025-09-08 20:44:14,048 - werkzeug - INFO -  * Debugger PIN: 237-707-018
2025-09-08 20:44:19,314 - werkzeug - INFO -  * Detected change in '/Users/hrishikesh/Desktop/Video DeepResearch/TwelveLabs-Video-DeepResearch/backend/service/sonar_service.py', reloading
2025-09-08 20:44:20,738 - apscheduler.scheduler - INFO - Adding job tentatively -- it will be properly scheduled when the scheduler starts
2025-09-08 20:44:20,739 - apscheduler.scheduler - INFO - Added job "wake_up_app" to job store "default"
2025-09-08 20:44:20,739 - apscheduler.scheduler - INFO - Scheduler started
2025-09-08 20:44:20,743 - dotenv.main - WARNING - python-dotenv could not parse statement starting at line 10
2025-09-08 20:44:20,743 - dotenv.main - WARNING - python-dotenv could not parse statement starting at line 13
2025-09-08 20:44:20,747 - werkzeug - WARNING -  * Debugger is active!
2025-09-08 20:44:20,753 - werkzeug - INFO -  * Debugger PIN: 237-707-018
2025-09-08 20:46:22,232 - werkzeug - INFO -  * Detected change in '/Users/hrishikesh/Desktop/Video DeepResearch/TwelveLabs-Video-DeepResearch/backend/app.py', reloading
2025-09-08 20:46:23,089 - apscheduler.scheduler - INFO - Adding job tentatively -- it will be properly scheduled when the scheduler starts
2025-09-08 20:46:23,090 - apscheduler.scheduler - INFO - Added job "wake_up_app" to job store "default"
2025-09-08 20:46:23,090 - apscheduler.scheduler - INFO - Scheduler started
2025-09-08 20:46:23,093 - dotenv.main - WARNING - python-dotenv could not parse statement starting at line 10
2025-09-08 20:46:23,093 - dotenv.main - WARNING - python-dotenv could not parse statement starting at line 13
2025-09-08 20:46:23,096 - werkzeug - WARNING -  * Debugger is active!
2025-09-08 20:46:23,101 - werkzeug - INFO -  * Debugger PIN: 237-707-018
2025-09-08 20:47:56,438 - werkzeug - INFO -  * Detected change in '/Users/hrishikesh/Desktop/Video DeepResearch/TwelveLabs-Video-DeepResearch/backend/app.py', reloading
2025-09-08 20:47:57,271 - apscheduler.scheduler - INFO - Adding job tentatively -- it will be properly scheduled when the scheduler starts
2025-09-08 20:47:57,272 - apscheduler.scheduler - INFO - Added job "wake_up_app" to job store "default"
2025-09-08 20:47:57,272 - apscheduler.scheduler - INFO - Scheduler started
2025-09-08 20:48:52,138 - apscheduler.scheduler - INFO - Adding job tentatively -- it will be properly scheduled when the scheduler starts
2025-09-08 20:48:52,138 - apscheduler.scheduler - INFO - Added job "wake_up_app" to job store "default"
2025-09-08 20:48:52,138 - apscheduler.scheduler - INFO - Scheduler started
2025-09-08 20:48:54,176 - apscheduler.scheduler - INFO - Adding job tentatively -- it will be properly scheduled when the scheduler starts
2025-09-08 20:48:54,176 - apscheduler.scheduler - INFO - Added job "wake_up_app" to job store "default"
2025-09-08 20:48:54,176 - apscheduler.scheduler - INFO - Scheduler started
2025-09-08 20:49:02,606 - apscheduler.scheduler - INFO - Adding job tentatively -- it will be properly scheduled when the scheduler starts
2025-09-08 20:49:02,606 - apscheduler.scheduler - INFO - Added job "wake_up_app" to job store "default"
2025-09-08 20:49:02,606 - apscheduler.scheduler - INFO - Scheduler started
2025-09-08 20:50:37,250 - apscheduler.scheduler - INFO - Adding job tentatively -- it will be properly scheduled when the scheduler starts
2025-09-08 20:50:37,251 - apscheduler.scheduler - INFO - Added job "wake_up_app" to job store "default"
2025-09-08 20:50:37,251 - apscheduler.scheduler - INFO - Scheduler started
2025-09-08 20:50:37,254 - dotenv.main - WARNING - python-dotenv could not parse statement starting at line 10
2025-09-08 20:50:37,254 - dotenv.main - WARNING - python-dotenv could not parse statement starting at line 13
2025-09-08 20:50:37,260 - werkzeug - INFO - [31m[1mWARNING: This is a development server. Do not use it in a production deployment. Use a production WSGI server instead.[0m
 * Running on all addresses (0.0.0.0)
 * Running on http://127.0.0.1:5000
 * Running on http://192.168.2.73:5000
2025-09-08 20:50:37,260 - werkzeug - INFO - [33mPress CTRL+C to quit[0m
2025-09-08 20:50:37,265 - werkzeug - INFO -  * Restarting with watchdog (fsevents)
2025-09-08 20:50:37,540 - apscheduler.scheduler - INFO - Adding job tentatively -- it will be properly scheduled when the scheduler starts
2025-09-08 20:50:37,540 - apscheduler.scheduler - INFO - Added job "wake_up_app" to job store "default"
2025-09-08 20:50:37,540 - apscheduler.scheduler - INFO - Scheduler started
2025-09-08 20:50:37,542 - dotenv.main - WARNING - python-dotenv could not parse statement starting at line 10
2025-09-08 20:50:37,542 - dotenv.main - WARNING - python-dotenv could not parse statement starting at line 13
2025-09-08 20:50:37,543 - werkzeug - WARNING -  * Debugger is active!
2025-09-08 20:50:37,549 - werkzeug - INFO -  * Debugger PIN: 237-707-018
2025-09-08 20:50:53,086 - werkzeug - INFO - 127.0.0.1 - - [08/Sep/2025 20:50:53] "OPTIONS /api/indexes HTTP/1.1" 200 -
2025-09-08 20:50:53,844 - werkzeug - INFO - 127.0.0.1 - - [08/Sep/2025 20:50:53] "POST /api/indexes HTTP/1.1" 200 -
2025-09-08 20:50:53,852 - werkzeug - INFO - 127.0.0.1 - - [08/Sep/2025 20:50:53] "OPTIONS /api/videos HTTP/1.1" 200 -
2025-09-08 20:50:54,459 - werkzeug - INFO - 127.0.0.1 - - [08/Sep/2025 20:50:54] "POST /api/videos HTTP/1.1" 200 -
2025-09-08 20:50:56,078 - werkzeug - INFO - 127.0.0.1 - - [08/Sep/2025 20:50:56] "POST /api/videos HTTP/1.1" 200 -
2025-09-08 20:51:04,599 - werkzeug - INFO - 127.0.0.1 - - [08/Sep/2025 20:51:04] "OPTIONS /api/workflow HTTP/1.1" 200 -
2025-09-08 20:51:04,602 - __main__ - INFO - === WORKFLOW REQUEST START ===
2025-09-08 20:51:04,602 - __main__ - INFO - Request data: {
  "index_id": "6893518408a37aa08793c4fe",
  "video_id": "68bce2fa30049231acbe7051",
  "analysis_prompt": "Research about it",
  "research_query": "Research about it"
}
2025-09-08 20:51:04,602 - werkzeug - INFO - 127.0.0.1 - - [08/Sep/2025 20:51:04] "POST /api/workflow HTTP/1.1" 200 -
2025-09-08 20:51:15,321 - httpx - INFO - HTTP Request: POST https://api.twelvelabs.io/v1.3/analyze "HTTP/1.1 200 OK"
2025-09-08 20:55:55,155 - werkzeug - INFO -  * Detected change in '/Users/hrishikesh/Desktop/Video DeepResearch/TwelveLabs-Video-DeepResearch/backend/routes/api_routes.py', reloading
2025-09-08 20:55:55,156 - werkzeug - INFO -  * Detected change in '/Users/hrishikesh/Desktop/Video DeepResearch/TwelveLabs-Video-DeepResearch/backend/routes/api_routes.py', reloading
2025-09-08 20:55:55,862 - werkzeug - INFO -  * Restarting with watchdog (fsevents)
2025-09-08 20:55:56,421 - apscheduler.scheduler - INFO - Adding job tentatively -- it will be properly scheduled when the scheduler starts
2025-09-08 20:55:56,422 - apscheduler.scheduler - INFO - Added job "wake_up_app" to job store "default"
2025-09-08 20:55:56,422 - apscheduler.scheduler - INFO - Scheduler started
2025-09-08 20:55:56,424 - dotenv.main - WARNING - python-dotenv could not parse statement starting at line 10
2025-09-08 20:55:56,424 - dotenv.main - WARNING - python-dotenv could not parse statement starting at line 13
2025-09-08 20:55:56,427 - werkzeug - WARNING -  * Debugger is active!
2025-09-08 20:55:56,432 - werkzeug - INFO -  * Debugger PIN: 237-707-018
2025-09-08 20:55:56,972 - werkzeug - INFO -  * Detected change in '/Users/hrishikesh/Desktop/Video DeepResearch/TwelveLabs-Video-DeepResearch/backend/routes/api_routes.py', reloading
2025-09-08 20:55:56,972 - werkzeug - INFO -  * Detected change in '/Users/hrishikesh/Desktop/Video DeepResearch/TwelveLabs-Video-DeepResearch/backend/routes/api_routes.py', reloading
2025-09-08 20:55:57,496 - werkzeug - INFO -  * Restarting with watchdog (fsevents)
2025-09-08 20:55:57,857 - apscheduler.scheduler - INFO - Adding job tentatively -- it will be properly scheduled when the scheduler starts
2025-09-08 20:55:57,857 - apscheduler.scheduler - INFO - Added job "wake_up_app" to job store "default"
2025-09-08 20:55:57,857 - apscheduler.scheduler - INFO - Scheduler started
2025-09-08 20:55:57,860 - dotenv.main - WARNING - python-dotenv could not parse statement starting at line 10
2025-09-08 20:55:57,860 - dotenv.main - WARNING - python-dotenv could not parse statement starting at line 13
2025-09-08 20:55:57,862 - werkzeug - WARNING -  * Debugger is active!
2025-09-08 20:55:57,865 - werkzeug - INFO -  * Debugger PIN: 237-707-018
2025-09-08 20:56:15,724 - werkzeug - INFO -  * Detected change in '/Users/hrishikesh/Desktop/Video DeepResearch/TwelveLabs-Video-DeepResearch/backend/app.py', reloading
2025-09-08 20:56:16,011 - werkzeug - INFO -  * Restarting with watchdog (fsevents)
2025-09-08 20:56:16,426 - apscheduler.scheduler - INFO - Adding job tentatively -- it will be properly scheduled when the scheduler starts
2025-09-08 20:56:16,427 - apscheduler.scheduler - INFO - Added job "wake_up_app" to job store "default"
2025-09-08 20:56:16,427 - apscheduler.scheduler - INFO - Scheduler started
2025-09-08 20:56:16,429 - dotenv.main - WARNING - python-dotenv could not parse statement starting at line 10
2025-09-08 20:56:16,429 - dotenv.main - WARNING - python-dotenv could not parse statement starting at line 13
2025-09-08 20:56:16,431 - werkzeug - WARNING -  * Debugger is active!
2025-09-08 20:56:16,435 - werkzeug - INFO -  * Debugger PIN: 237-707-018
2025-09-08 20:56:21,396 - werkzeug - INFO -  * Detected change in '/Users/hrishikesh/Desktop/Video DeepResearch/TwelveLabs-Video-DeepResearch/backend/routes/__init__.py', reloading
2025-09-08 20:56:21,396 - werkzeug - INFO -  * Detected change in '/Users/hrishikesh/Desktop/Video DeepResearch/TwelveLabs-Video-DeepResearch/backend/routes/__init__.py', reloading
2025-09-08 20:56:21,553 - werkzeug - INFO -  * Restarting with watchdog (fsevents)
2025-09-08 20:56:21,924 - apscheduler.scheduler - INFO - Adding job tentatively -- it will be properly scheduled when the scheduler starts
2025-09-08 20:56:21,924 - apscheduler.scheduler - INFO - Added job "wake_up_app" to job store "default"
2025-09-08 20:56:21,924 - apscheduler.scheduler - INFO - Scheduler started
2025-09-08 20:56:21,929 - dotenv.main - WARNING - python-dotenv could not parse statement starting at line 10
2025-09-08 20:56:21,929 - dotenv.main - WARNING - python-dotenv could not parse statement starting at line 13
2025-09-08 20:56:21,931 - werkzeug - WARNING -  * Debugger is active!
2025-09-08 20:56:21,938 - werkzeug - INFO -  * Debugger PIN: 237-707-018
2025-09-08 20:56:23,484 - werkzeug - INFO -  * Detected change in '/Users/hrishikesh/Desktop/Video DeepResearch/TwelveLabs-Video-DeepResearch/backend/routes/__init__.py', reloading
2025-09-08 20:56:23,484 - werkzeug - INFO -  * Detected change in '/Users/hrishikesh/Desktop/Video DeepResearch/TwelveLabs-Video-DeepResearch/backend/routes/__init__.py', reloading
2025-09-08 20:56:24,052 - werkzeug - INFO -  * Restarting with watchdog (fsevents)
2025-09-08 20:56:24,385 - apscheduler.scheduler - INFO - Adding job tentatively -- it will be properly scheduled when the scheduler starts
2025-09-08 20:56:24,386 - apscheduler.scheduler - INFO - Added job "wake_up_app" to job store "default"
2025-09-08 20:56:24,386 - apscheduler.scheduler - INFO - Scheduler started
2025-09-08 20:56:24,388 - dotenv.main - WARNING - python-dotenv could not parse statement starting at line 10
2025-09-08 20:56:24,388 - dotenv.main - WARNING - python-dotenv could not parse statement starting at line 13
2025-09-08 20:56:24,390 - werkzeug - WARNING -  * Debugger is active!
2025-09-08 20:56:24,394 - werkzeug - INFO -  * Debugger PIN: 237-707-018
2025-09-08 20:56:24,466 - werkzeug - INFO -  * Detected change in '/Users/hrishikesh/Desktop/Video DeepResearch/TwelveLabs-Video-DeepResearch/backend/routes/__init__.py', reloading
2025-09-08 20:56:24,466 - werkzeug - INFO -  * Detected change in '/Users/hrishikesh/Desktop/Video DeepResearch/TwelveLabs-Video-DeepResearch/backend/routes/__init__.py', reloading
2025-09-08 20:56:24,478 - werkzeug - INFO -  * Detected change in '/Users/hrishikesh/Desktop/Video DeepResearch/TwelveLabs-Video-DeepResearch/backend/routes/__init__.py', reloading
2025-09-08 20:56:25,498 - werkzeug - INFO -  * Restarting with watchdog (fsevents)
2025-09-08 20:56:25,803 - apscheduler.scheduler - INFO - Adding job tentatively -- it will be properly scheduled when the scheduler starts
2025-09-08 20:56:25,804 - apscheduler.scheduler - INFO - Added job "wake_up_app" to job store "default"
2025-09-08 20:56:25,804 - apscheduler.scheduler - INFO - Scheduler started
2025-09-08 20:56:25,806 - dotenv.main - WARNING - python-dotenv could not parse statement starting at line 10
2025-09-08 20:56:25,806 - dotenv.main - WARNING - python-dotenv could not parse statement starting at line 13
2025-09-08 20:56:25,807 - werkzeug - WARNING -  * Debugger is active!
2025-09-08 20:56:25,811 - werkzeug - INFO -  * Debugger PIN: 237-707-018
2025-09-08 20:57:51,340 - werkzeug - INFO -  * Detected change in '/Users/hrishikesh/Desktop/Video DeepResearch/TwelveLabs-Video-DeepResearch/backend/routes/api_routes.py', reloading
2025-09-08 20:57:52,359 - werkzeug - INFO -  * Restarting with watchdog (fsevents)
2025-09-08 20:57:52,866 - apscheduler.scheduler - INFO - Adding job tentatively -- it will be properly scheduled when the scheduler starts
2025-09-08 20:57:52,866 - apscheduler.scheduler - INFO - Added job "wake_up_app" to job store "default"
2025-09-08 20:57:52,866 - apscheduler.scheduler - INFO - Scheduler started
2025-09-08 20:57:52,869 - dotenv.main - WARNING - python-dotenv could not parse statement starting at line 10
2025-09-08 20:57:52,869 - dotenv.main - WARNING - python-dotenv could not parse statement starting at line 13
2025-09-08 20:57:52,871 - werkzeug - WARNING -  * Debugger is active!
2025-09-08 20:57:52,876 - werkzeug - INFO -  * Debugger PIN: 237-707-018
2025-09-08 20:58:04,102 - werkzeug - INFO -  * Detected change in '/Users/hrishikesh/Desktop/Video DeepResearch/TwelveLabs-Video-DeepResearch/backend/routes/api_routes.py', reloading
2025-09-08 20:58:05,025 - werkzeug - INFO -  * Restarting with watchdog (fsevents)
2025-09-08 20:58:05,431 - apscheduler.scheduler - INFO - Adding job tentatively -- it will be properly scheduled when the scheduler starts
2025-09-08 20:58:05,432 - apscheduler.scheduler - INFO - Added job "wake_up_app" to job store "default"
2025-09-08 20:58:05,432 - apscheduler.scheduler - INFO - Scheduler started
2025-09-08 20:58:05,434 - dotenv.main - WARNING - python-dotenv could not parse statement starting at line 10
2025-09-08 20:58:05,434 - dotenv.main - WARNING - python-dotenv could not parse statement starting at line 13
2025-09-08 20:58:05,437 - werkzeug - WARNING -  * Debugger is active!
2025-09-08 20:58:05,441 - werkzeug - INFO -  * Debugger PIN: 237-707-018
2025-09-08 20:58:59,209 - werkzeug - INFO -  * Detected change in '/Users/hrishikesh/Desktop/Video DeepResearch/TwelveLabs-Video-DeepResearch/backend/routes/api_routes.py', reloading
2025-09-08 20:58:59,210 - werkzeug - INFO -  * Detected change in '/Users/hrishikesh/Desktop/Video DeepResearch/TwelveLabs-Video-DeepResearch/backend/routes/api_routes.py', reloading
2025-09-08 20:58:59,275 - werkzeug - INFO -  * Detected change in '/Users/hrishikesh/Desktop/Video DeepResearch/TwelveLabs-Video-DeepResearch/backend/routes/__init__.py', reloading
2025-09-08 20:58:59,276 - werkzeug - INFO -  * Detected change in '/Users/hrishikesh/Desktop/Video DeepResearch/TwelveLabs-Video-DeepResearch/backend/routes/__init__.py', reloading
2025-09-08 20:58:59,501 - werkzeug - INFO -  * Detected change in '/Users/hrishikesh/Desktop/Video DeepResearch/TwelveLabs-Video-DeepResearch/backend/app.py', reloading
2025-09-08 20:58:59,531 - werkzeug - INFO -  * Detected change in '/Users/hrishikesh/Desktop/Video DeepResearch/TwelveLabs-Video-DeepResearch/backend/app.py', reloading
2025-09-08 20:58:59,805 - werkzeug - INFO -  * Restarting with watchdog (fsevents)
2025-09-08 20:59:00,379 - apscheduler.scheduler - INFO - Adding job tentatively -- it will be properly scheduled when the scheduler starts
2025-09-08 20:59:00,380 - apscheduler.scheduler - INFO - Added job "wake_up_app" to job store "default"
2025-09-08 20:59:00,380 - apscheduler.scheduler - INFO - Scheduler started
2025-09-08 20:59:00,384 - dotenv.main - WARNING - python-dotenv could not parse statement starting at line 10
2025-09-08 20:59:00,385 - dotenv.main - WARNING - python-dotenv could not parse statement starting at line 13
2025-09-08 20:59:00,389 - werkzeug - WARNING -  * Debugger is active!
2025-09-08 20:59:00,396 - werkzeug - INFO -  * Debugger PIN: 237-707-018
2025-09-08 20:59:37,262 - apscheduler.executors.default - INFO - Running job "wake_up_app (trigger: interval[0:09:00], next run at: 2025-09-08 21:08:37 CEST)" (scheduled at 2025-09-08 20:59:37.250701+02:00)
2025-09-08 20:59:37,291 - werkzeug - INFO - 127.0.0.1 - - [08/Sep/2025 20:59:37] "GET /health HTTP/1.1" 200 -
2025-09-08 20:59:37,293 - apscheduler.executors.default - INFO - Job "wake_up_app (trigger: interval[0:09:00], next run at: 2025-09-08 21:08:37 CEST)" executed successfully
2025-09-08 21:00:17,874 - werkzeug - INFO -  * Detected change in '/Users/hrishikesh/Desktop/Video DeepResearch/TwelveLabs-Video-DeepResearch/backend/routes/api_routes.py', reloading
2025-09-08 21:00:17,875 - werkzeug - INFO -  * Detected change in '/Users/hrishikesh/Desktop/Video DeepResearch/TwelveLabs-Video-DeepResearch/backend/routes/api_routes.py', reloading
2025-09-08 21:00:18,930 - werkzeug - INFO -  * Restarting with watchdog (fsevents)
2025-09-08 21:00:19,462 - apscheduler.scheduler - INFO - Adding job tentatively -- it will be properly scheduled when the scheduler starts
2025-09-08 21:00:19,462 - apscheduler.scheduler - INFO - Added job "wake_up_app" to job store "default"
2025-09-08 21:00:19,463 - apscheduler.scheduler - INFO - Scheduler started
2025-09-08 21:00:19,465 - dotenv.main - WARNING - python-dotenv could not parse statement starting at line 10
2025-09-08 21:00:19,465 - dotenv.main - WARNING - python-dotenv could not parse statement starting at line 13
2025-09-08 21:00:19,468 - werkzeug - WARNING -  * Debugger is active!
2025-09-08 21:00:19,473 - werkzeug - INFO -  * Debugger PIN: 237-707-018
2025-09-08 21:00:20,468 - werkzeug - INFO -  * Detected change in '/Users/hrishikesh/Desktop/Video DeepResearch/TwelveLabs-Video-DeepResearch/backend/routes/api_routes.py', reloading
2025-09-08 21:00:20,469 - werkzeug - INFO -  * Detected change in '/Users/hrishikesh/Desktop/Video DeepResearch/TwelveLabs-Video-DeepResearch/backend/routes/api_routes.py', reloading
2025-09-08 21:00:20,524 - werkzeug - INFO -  * Restarting with watchdog (fsevents)
2025-09-08 21:00:20,806 - apscheduler.scheduler - INFO - Adding job tentatively -- it will be properly scheduled when the scheduler starts
2025-09-08 21:00:20,806 - apscheduler.scheduler - INFO - Added job "wake_up_app" to job store "default"
2025-09-08 21:00:20,806 - apscheduler.scheduler - INFO - Scheduler started
2025-09-08 21:00:20,808 - dotenv.main - WARNING - python-dotenv could not parse statement starting at line 10
2025-09-08 21:00:20,808 - dotenv.main - WARNING - python-dotenv could not parse statement starting at line 13
2025-09-08 21:00:20,810 - werkzeug - WARNING -  * Debugger is active!
2025-09-08 21:00:20,813 - werkzeug - INFO -  * Debugger PIN: 237-707-018
2025-09-08 21:00:21,470 - werkzeug - INFO -  * Detected change in '/Users/hrishikesh/Desktop/Video DeepResearch/TwelveLabs-Video-DeepResearch/backend/routes/api_routes.py', reloading
2025-09-08 21:00:21,470 - werkzeug - INFO -  * Detected change in '/Users/hrishikesh/Desktop/Video DeepResearch/TwelveLabs-Video-DeepResearch/backend/routes/api_routes.py', reloading
2025-09-08 21:00:21,858 - werkzeug - INFO -  * Restarting with watchdog (fsevents)
2025-09-08 21:00:22,143 - apscheduler.scheduler - INFO - Adding job tentatively -- it will be properly scheduled when the scheduler starts
2025-09-08 21:00:22,143 - apscheduler.scheduler - INFO - Added job "wake_up_app" to job store "default"
2025-09-08 21:00:22,143 - apscheduler.scheduler - INFO - Scheduler started
2025-09-08 21:00:22,145 - dotenv.main - WARNING - python-dotenv could not parse statement starting at line 10
2025-09-08 21:00:22,145 - dotenv.main - WARNING - python-dotenv could not parse statement starting at line 13
2025-09-08 21:00:22,147 - werkzeug - WARNING -  * Debugger is active!
2025-09-08 21:00:22,150 - werkzeug - INFO -  * Debugger PIN: 237-707-018
2025-09-08 21:00:39,058 - werkzeug - INFO -  * Detected change in '/Users/hrishikesh/Desktop/Video DeepResearch/TwelveLabs-Video-DeepResearch/backend/app.py', reloading
2025-09-08 21:00:39,305 - werkzeug - INFO -  * Restarting with watchdog (fsevents)
2025-09-08 21:00:39,722 - apscheduler.scheduler - INFO - Adding job tentatively -- it will be properly scheduled when the scheduler starts
2025-09-08 21:00:39,722 - apscheduler.scheduler - INFO - Added job "wake_up_app" to job store "default"
2025-09-08 21:00:39,722 - apscheduler.scheduler - INFO - Scheduler started
2025-09-08 21:00:39,725 - dotenv.main - WARNING - python-dotenv could not parse statement starting at line 10
2025-09-08 21:00:39,725 - dotenv.main - WARNING - python-dotenv could not parse statement starting at line 13
2025-09-08 21:00:39,727 - werkzeug - WARNING -  * Debugger is active!
2025-09-08 21:00:39,732 - werkzeug - INFO -  * Debugger PIN: 237-707-018
2025-09-08 21:00:43,999 - werkzeug - INFO -  * Detected change in '/Users/hrishikesh/Desktop/Video DeepResearch/TwelveLabs-Video-DeepResearch/backend/routes/__init__.py', reloading
2025-09-08 21:00:44,000 - werkzeug - INFO -  * Detected change in '/Users/hrishikesh/Desktop/Video DeepResearch/TwelveLabs-Video-DeepResearch/backend/routes/__init__.py', reloading
2025-09-08 21:00:44,831 - werkzeug - INFO -  * Restarting with watchdog (fsevents)
2025-09-08 21:00:45,230 - apscheduler.scheduler - INFO - Adding job tentatively -- it will be properly scheduled when the scheduler starts
2025-09-08 21:00:45,231 - apscheduler.scheduler - INFO - Added job "wake_up_app" to job store "default"
2025-09-08 21:00:45,231 - apscheduler.scheduler - INFO - Scheduler started
2025-09-08 21:00:45,233 - dotenv.main - WARNING - python-dotenv could not parse statement starting at line 10
2025-09-08 21:00:45,233 - dotenv.main - WARNING - python-dotenv could not parse statement starting at line 13
2025-09-08 21:00:45,235 - werkzeug - WARNING -  * Debugger is active!
2025-09-08 21:00:45,239 - werkzeug - INFO -  * Debugger PIN: 237-707-018
2025-09-08 21:00:45,624 - werkzeug - INFO -  * Detected change in '/Users/hrishikesh/Desktop/Video DeepResearch/TwelveLabs-Video-DeepResearch/backend/routes/__init__.py', reloading
2025-09-08 21:00:45,625 - werkzeug - INFO -  * Detected change in '/Users/hrishikesh/Desktop/Video DeepResearch/TwelveLabs-Video-DeepResearch/backend/routes/__init__.py', reloading
2025-09-08 21:00:45,752 - werkzeug - INFO -  * Detected change in '/Users/hrishikesh/Desktop/Video DeepResearch/TwelveLabs-Video-DeepResearch/backend/routes/__init__.py', reloading
2025-09-08 21:00:46,355 - werkzeug - INFO -  * Restarting with watchdog (fsevents)
2025-09-08 21:00:46,665 - apscheduler.scheduler - INFO - Adding job tentatively -- it will be properly scheduled when the scheduler starts
2025-09-08 21:00:46,665 - apscheduler.scheduler - INFO - Added job "wake_up_app" to job store "default"
2025-09-08 21:00:46,665 - apscheduler.scheduler - INFO - Scheduler started
2025-09-08 21:00:46,668 - dotenv.main - WARNING - python-dotenv could not parse statement starting at line 10
2025-09-08 21:00:46,668 - dotenv.main - WARNING - python-dotenv could not parse statement starting at line 13
2025-09-08 21:00:46,669 - werkzeug - WARNING -  * Debugger is active!
2025-09-08 21:00:46,673 - werkzeug - INFO -  * Debugger PIN: 237-707-018
2025-09-08 21:03:24,148 - werkzeug - INFO -  * Detected change in '/Users/hrishikesh/Desktop/Video DeepResearch/TwelveLabs-Video-DeepResearch/backend/routes/api_routes.py', reloading
2025-09-08 21:03:24,708 - werkzeug - INFO -  * Restarting with watchdog (fsevents)
2025-09-08 21:03:25,223 - apscheduler.scheduler - INFO - Adding job tentatively -- it will be properly scheduled when the scheduler starts
2025-09-08 21:03:25,223 - apscheduler.scheduler - INFO - Added job "wake_up_app" to job store "default"
2025-09-08 21:03:25,223 - apscheduler.scheduler - INFO - Scheduler started
2025-09-08 21:03:25,226 - dotenv.main - WARNING - python-dotenv could not parse statement starting at line 10
2025-09-08 21:03:25,226 - dotenv.main - WARNING - python-dotenv could not parse statement starting at line 13
2025-09-08 21:03:25,229 - werkzeug - WARNING -  * Debugger is active!
2025-09-08 21:03:25,234 - werkzeug - INFO -  * Debugger PIN: 237-707-018
2025-09-08 21:04:39,837 - werkzeug - INFO -  * Detected change in '/Users/hrishikesh/Desktop/Video DeepResearch/TwelveLabs-Video-DeepResearch/backend/routes/api_routes.py', reloading
2025-09-08 21:04:40,697 - werkzeug - INFO -  * Restarting with watchdog (fsevents)
2025-09-08 21:04:41,220 - apscheduler.scheduler - INFO - Adding job tentatively -- it will be properly scheduled when the scheduler starts
2025-09-08 21:04:41,220 - apscheduler.scheduler - INFO - Added job "wake_up_app" to job store "default"
2025-09-08 21:04:41,220 - apscheduler.scheduler - INFO - Scheduler started
2025-09-08 21:04:41,223 - dotenv.main - WARNING - python-dotenv could not parse statement starting at line 10
2025-09-08 21:04:41,223 - dotenv.main - WARNING - python-dotenv could not parse statement starting at line 13
2025-09-08 21:04:41,225 - werkzeug - WARNING -  * Debugger is active!
2025-09-08 21:04:41,231 - werkzeug - INFO -  * Debugger PIN: 237-707-018
2025-09-08 21:04:44,104 - werkzeug - INFO -  * Detected change in '/Users/hrishikesh/Desktop/Video DeepResearch/TwelveLabs-Video-DeepResearch/backend/routes/api_routes.py', reloading
2025-09-08 21:04:44,330 - werkzeug - INFO -  * Restarting with watchdog (fsevents)
2025-09-08 21:08:20,754 - apscheduler.scheduler - INFO - Adding job tentatively -- it will be properly scheduled when the scheduler starts
2025-09-08 21:08:20,755 - apscheduler.scheduler - INFO - Added job "wake_up_app" to job store "default"
2025-09-08 21:08:20,755 - apscheduler.scheduler - INFO - Scheduler started
2025-09-08 21:08:20,758 - dotenv.main - WARNING - python-dotenv could not parse statement starting at line 10
2025-09-08 21:08:20,758 - dotenv.main - WARNING - python-dotenv could not parse statement starting at line 13
2025-09-08 21:08:20,772 - werkzeug - INFO - [31m[1mWARNING: This is a development server. Do not use it in a production deployment. Use a production WSGI server instead.[0m
 * Running on all addresses (0.0.0.0)
 * Running on http://127.0.0.1:5000
 * Running on http://192.168.2.73:5000
2025-09-08 21:08:20,772 - werkzeug - INFO - [33mPress CTRL+C to quit[0m
2025-09-08 21:08:20,789 - werkzeug - INFO -  * Restarting with watchdog (fsevents)
2025-09-08 21:08:21,091 - apscheduler.scheduler - INFO - Adding job tentatively -- it will be properly scheduled when the scheduler starts
2025-09-08 21:08:21,091 - apscheduler.scheduler - INFO - Added job "wake_up_app" to job store "default"
2025-09-08 21:08:21,091 - apscheduler.scheduler - INFO - Scheduler started
2025-09-08 21:08:21,093 - dotenv.main - WARNING - python-dotenv could not parse statement starting at line 10
2025-09-08 21:08:21,093 - dotenv.main - WARNING - python-dotenv could not parse statement starting at line 13
2025-09-08 21:08:21,094 - werkzeug - WARNING -  * Debugger is active!
2025-09-08 21:08:21,101 - werkzeug - INFO -  * Debugger PIN: 237-707-018
2025-09-08 21:08:31,206 - werkzeug - INFO - 127.0.0.1 - - [08/Sep/2025 21:08:31] "OPTIONS /api/indexes HTTP/1.1" 200 -
2025-09-08 21:08:32,102 - werkzeug - INFO - 127.0.0.1 - - [08/Sep/2025 21:08:32] "POST /api/indexes HTTP/1.1" 200 -
2025-09-08 21:08:32,117 - werkzeug - INFO - 127.0.0.1 - - [08/Sep/2025 21:08:32] "OPTIONS /api/videos HTTP/1.1" 200 -
2025-09-08 21:08:32,739 - werkzeug - INFO - 127.0.0.1 - - [08/Sep/2025 21:08:32] "POST /api/videos HTTP/1.1" 200 -
2025-09-08 21:08:35,541 - werkzeug - INFO - 127.0.0.1 - - [08/Sep/2025 21:08:35] "POST /api/videos HTTP/1.1" 200 -
2025-09-08 21:08:40,250 - werkzeug - INFO - 127.0.0.1 - - [08/Sep/2025 21:08:40] "OPTIONS /api/videos HTTP/1.1" 200 -
2025-09-08 21:08:40,885 - werkzeug - INFO - 127.0.0.1 - - [08/Sep/2025 21:08:40] "POST /api/videos HTTP/1.1" 200 -
2025-09-08 21:08:48,137 - werkzeug - INFO - 127.0.0.1 - - [08/Sep/2025 21:08:48] "OPTIONS /api/workflow HTTP/1.1" 200 -
2025-09-08 21:08:48,140 - routes.api_routes - INFO - === WORKFLOW REQUEST START ===
2025-09-08 21:08:48,141 - routes.api_routes - INFO - Request data: {
  "index_id": "6893518408a37aa08793c4fe",
  "video_id": "68bce2fa30049231acbe7051",
  "analysis_prompt": "Research about it",
  "research_query": "Research about it"
}
2025-09-08 21:08:48,141 - werkzeug - INFO - 127.0.0.1 - - [08/Sep/2025 21:08:48] "POST /api/workflow HTTP/1.1" 200 -
2025-09-08 21:08:58,435 - httpx - INFO - HTTP Request: POST https://api.twelvelabs.io/v1.3/analyze "HTTP/1.1 200 OK"
2025-09-08 21:09:51,723 - werkzeug - INFO -  * Detected change in '/Users/hrishikesh/Desktop/Video DeepResearch/TwelveLabs-Video-DeepResearch/backend/routes/api_routes.py', reloading
2025-09-08 21:09:52,733 - werkzeug - INFO -  * Restarting with watchdog (fsevents)
2025-09-08 21:09:53,321 - apscheduler.scheduler - INFO - Adding job tentatively -- it will be properly scheduled when the scheduler starts
2025-09-08 21:09:53,321 - apscheduler.scheduler - INFO - Added job "wake_up_app" to job store "default"
2025-09-08 21:09:53,321 - apscheduler.scheduler - INFO - Scheduler started
2025-09-08 21:09:53,324 - dotenv.main - WARNING - python-dotenv could not parse statement starting at line 10
2025-09-08 21:09:53,324 - dotenv.main - WARNING - python-dotenv could not parse statement starting at line 13
2025-09-08 21:09:53,327 - werkzeug - WARNING -  * Debugger is active!
2025-09-08 21:09:53,332 - werkzeug - INFO -  * Debugger PIN: 237-707-018
2025-09-08 21:09:59,542 - werkzeug - INFO -  * Detected change in '/Users/hrishikesh/Desktop/Video DeepResearch/TwelveLabs-Video-DeepResearch/backend/routes/api_routes.py', reloading
2025-09-08 21:10:00,428 - werkzeug - INFO -  * Restarting with watchdog (fsevents)
2025-09-08 21:10:00,854 - apscheduler.scheduler - INFO - Adding job tentatively -- it will be properly scheduled when the scheduler starts
2025-09-08 21:10:00,854 - apscheduler.scheduler - INFO - Added job "wake_up_app" to job store "default"
2025-09-08 21:10:00,854 - apscheduler.scheduler - INFO - Scheduler started
2025-09-08 21:10:00,857 - dotenv.main - WARNING - python-dotenv could not parse statement starting at line 10
2025-09-08 21:10:00,857 - dotenv.main - WARNING - python-dotenv could not parse statement starting at line 13
2025-09-08 21:10:00,859 - werkzeug - WARNING -  * Debugger is active!
2025-09-08 21:10:00,863 - werkzeug - INFO -  * Debugger PIN: 237-707-018
2025-09-08 21:10:09,550 - werkzeug - INFO -  * Detected change in '/Users/hrishikesh/Desktop/Video DeepResearch/TwelveLabs-Video-DeepResearch/backend/routes/api_routes.py', reloading
2025-09-08 21:10:09,998 - werkzeug - INFO -  * Restarting with watchdog (fsevents)
2025-09-08 21:10:10,355 - apscheduler.scheduler - INFO - Adding job tentatively -- it will be properly scheduled when the scheduler starts
2025-09-08 21:10:10,356 - apscheduler.scheduler - INFO - Added job "wake_up_app" to job store "default"
2025-09-08 21:10:10,356 - apscheduler.scheduler - INFO - Scheduler started
2025-09-08 21:10:10,358 - dotenv.main - WARNING - python-dotenv could not parse statement starting at line 10
2025-09-08 21:10:10,358 - dotenv.main - WARNING - python-dotenv could not parse statement starting at line 13
2025-09-08 21:10:10,360 - werkzeug - WARNING -  * Debugger is active!
2025-09-08 21:10:10,365 - werkzeug - INFO -  * Debugger PIN: 237-707-018
2025-09-08 21:10:14,326 - werkzeug - INFO -  * Detected change in '/Users/hrishikesh/Desktop/Video DeepResearch/TwelveLabs-Video-DeepResearch/backend/routes/api_routes.py', reloading
2025-09-08 21:10:14,517 - werkzeug - INFO -  * Restarting with watchdog (fsevents)
2025-09-08 21:10:14,917 - apscheduler.scheduler - INFO - Adding job tentatively -- it will be properly scheduled when the scheduler starts
2025-09-08 21:10:14,918 - apscheduler.scheduler - INFO - Added job "wake_up_app" to job store "default"
2025-09-08 21:10:14,918 - apscheduler.scheduler - INFO - Scheduler started
2025-09-08 21:10:14,923 - dotenv.main - WARNING - python-dotenv could not parse statement starting at line 10
2025-09-08 21:10:14,923 - dotenv.main - WARNING - python-dotenv could not parse statement starting at line 13
2025-09-08 21:10:14,924 - werkzeug - WARNING -  * Debugger is active!
2025-09-08 21:10:14,930 - werkzeug - INFO -  * Debugger PIN: 237-707-018
2025-09-08 21:10:35,098 - werkzeug - INFO -  * Detected change in '/Users/hrishikesh/Desktop/Video DeepResearch/TwelveLabs-Video-DeepResearch/backend/app.py', reloading
2025-09-08 21:10:36,197 - werkzeug - INFO -  * Restarting with watchdog (fsevents)
2025-09-08 21:10:36,671 - apscheduler.scheduler - INFO - Adding job tentatively -- it will be properly scheduled when the scheduler starts
2025-09-08 21:10:36,671 - apscheduler.scheduler - INFO - Added job "wake_up_app" to job store "default"
2025-09-08 21:10:36,671 - apscheduler.scheduler - INFO - Scheduler started
2025-09-08 21:10:36,674 - dotenv.main - WARNING - python-dotenv could not parse statement starting at line 10
2025-09-08 21:10:36,674 - dotenv.main - WARNING - python-dotenv could not parse statement starting at line 13
2025-09-08 21:10:36,676 - werkzeug - WARNING -  * Debugger is active!
2025-09-08 21:10:36,681 - werkzeug - INFO -  * Debugger PIN: 237-707-018
2025-09-08 21:11:18,320 - werkzeug - INFO -  * Detected change in '/Users/hrishikesh/Desktop/Video DeepResearch/TwelveLabs-Video-DeepResearch/backend/routes/api_routes.py', reloading
2025-09-08 21:11:18,972 - werkzeug - INFO -  * Restarting with watchdog (fsevents)
2025-09-08 21:11:19,499 - apscheduler.scheduler - INFO - Adding job tentatively -- it will be properly scheduled when the scheduler starts
2025-09-08 21:11:19,499 - apscheduler.scheduler - INFO - Added job "wake_up_app" to job store "default"
2025-09-08 21:11:19,499 - apscheduler.scheduler - INFO - Scheduler started
2025-09-08 21:11:19,502 - dotenv.main - WARNING - python-dotenv could not parse statement starting at line 10
2025-09-08 21:11:19,502 - dotenv.main - WARNING - python-dotenv could not parse statement starting at line 13
2025-09-08 21:11:19,504 - werkzeug - WARNING -  * Debugger is active!
2025-09-08 21:11:19,511 - werkzeug - INFO -  * Debugger PIN: 237-707-018
2025-09-08 21:11:22,204 - werkzeug - INFO -  * Detected change in '/Users/hrishikesh/Desktop/Video DeepResearch/TwelveLabs-Video-DeepResearch/backend/routes/api_routes.py', reloading
2025-09-08 21:11:22,607 - werkzeug - INFO -  * Restarting with watchdog (fsevents)
2025-09-08 21:11:22,941 - apscheduler.scheduler - INFO - Adding job tentatively -- it will be properly scheduled when the scheduler starts
2025-09-08 21:11:22,941 - apscheduler.scheduler - INFO - Added job "wake_up_app" to job store "default"
2025-09-08 21:11:22,941 - apscheduler.scheduler - INFO - Scheduler started
2025-09-08 21:11:22,944 - dotenv.main - WARNING - python-dotenv could not parse statement starting at line 10
2025-09-08 21:11:22,944 - dotenv.main - WARNING - python-dotenv could not parse statement starting at line 13
2025-09-08 21:11:22,945 - werkzeug - WARNING -  * Debugger is active!
2025-09-08 21:11:22,950 - werkzeug - INFO -  * Debugger PIN: 237-707-018
2025-09-08 22:09:04,684 - apscheduler.scheduler - INFO - Adding job tentatively -- it will be properly scheduled when the scheduler starts
2025-09-08 22:09:04,684 - apscheduler.scheduler - INFO - Added job "wake_up_app" to job store "default"
2025-09-08 22:09:04,684 - apscheduler.scheduler - INFO - Scheduler started
2025-09-08 22:09:04,688 - dotenv.main - WARNING - python-dotenv could not parse statement starting at line 10
2025-09-08 22:09:04,688 - dotenv.main - WARNING - python-dotenv could not parse statement starting at line 13
2025-09-08 22:09:04,698 - werkzeug - INFO - [31m[1mWARNING: This is a development server. Do not use it in a production deployment. Use a production WSGI server instead.[0m
 * Running on all addresses (0.0.0.0)
 * Running on http://127.0.0.1:5000
 * Running on http://192.168.2.73:5000
2025-09-08 22:09:04,698 - werkzeug - INFO - [33mPress CTRL+C to quit[0m
2025-09-08 22:09:04,703 - werkzeug - INFO -  * Restarting with watchdog (fsevents)
2025-09-08 22:09:05,010 - apscheduler.scheduler - INFO - Adding job tentatively -- it will be properly scheduled when the scheduler starts
2025-09-08 22:09:05,010 - apscheduler.scheduler - INFO - Added job "wake_up_app" to job store "default"
2025-09-08 22:09:05,010 - apscheduler.scheduler - INFO - Scheduler started
2025-09-08 22:09:05,012 - dotenv.main - WARNING - python-dotenv could not parse statement starting at line 10
2025-09-08 22:09:05,013 - dotenv.main - WARNING - python-dotenv could not parse statement starting at line 13
2025-09-08 22:09:05,014 - werkzeug - WARNING -  * Debugger is active!
2025-09-08 22:09:05,020 - werkzeug - INFO -  * Debugger PIN: 237-707-018
2025-09-08 22:09:59,882 - apscheduler.scheduler - INFO - Adding job tentatively -- it will be properly scheduled when the scheduler starts
2025-09-08 22:09:59,883 - apscheduler.scheduler - INFO - Added job "wake_up_app" to job store "default"
2025-09-08 22:09:59,883 - apscheduler.scheduler - INFO - Scheduler started
2025-09-08 22:09:59,885 - dotenv.main - WARNING - python-dotenv could not parse statement starting at line 10
2025-09-08 22:09:59,885 - dotenv.main - WARNING - python-dotenv could not parse statement starting at line 13
2025-09-08 22:09:59,892 - werkzeug - INFO - [31m[1mWARNING: This is a development server. Do not use it in a production deployment. Use a production WSGI server instead.[0m
 * Running on all addresses (0.0.0.0)
 * Running on http://127.0.0.1:5000
 * Running on http://192.168.2.73:5000
2025-09-08 22:09:59,892 - werkzeug - INFO - [33mPress CTRL+C to quit[0m
2025-09-08 22:09:59,896 - werkzeug - INFO -  * Restarting with watchdog (fsevents)
2025-09-08 22:10:00,221 - apscheduler.scheduler - INFO - Adding job tentatively -- it will be properly scheduled when the scheduler starts
2025-09-08 22:10:00,222 - apscheduler.scheduler - INFO - Added job "wake_up_app" to job store "default"
2025-09-08 22:10:00,222 - apscheduler.scheduler - INFO - Scheduler started
2025-09-08 22:10:00,224 - dotenv.main - WARNING - python-dotenv could not parse statement starting at line 10
2025-09-08 22:10:00,224 - dotenv.main - WARNING - python-dotenv could not parse statement starting at line 13
2025-09-08 22:10:00,226 - werkzeug - WARNING -  * Debugger is active!
2025-09-08 22:10:00,233 - werkzeug - INFO -  * Debugger PIN: 237-707-018
2025-09-08 22:10:11,490 - werkzeug - INFO - 127.0.0.1 - - [08/Sep/2025 22:10:11] "OPTIONS /api/indexes HTTP/1.1" 200 -
2025-09-08 22:10:12,273 - werkzeug - INFO - 127.0.0.1 - - [08/Sep/2025 22:10:12] "POST /api/indexes HTTP/1.1" 200 -
2025-09-08 22:10:12,276 - werkzeug - INFO - 127.0.0.1 - - [08/Sep/2025 22:10:12] "OPTIONS /api/videos HTTP/1.1" 200 -
2025-09-08 22:10:12,894 - werkzeug - INFO - 127.0.0.1 - - [08/Sep/2025 22:10:12] "POST /api/videos HTTP/1.1" 200 -
2025-09-08 22:10:19,383 - werkzeug - INFO - 127.0.0.1 - - [08/Sep/2025 22:10:19] "OPTIONS /api/config/twelvelabs HTTP/1.1" 200 -
2025-09-08 22:10:19,386 - werkzeug - INFO - 127.0.0.1 - - [08/Sep/2025 22:10:19] "DELETE /api/config/twelvelabs HTTP/1.1" 200 -
2025-09-08 22:10:21,346 - werkzeug - INFO - 127.0.0.1 - - [08/Sep/2025 22:10:21] "POST /api/config/twelvelabs HTTP/1.1" 200 -
2025-09-08 22:10:21,355 - werkzeug - INFO - 127.0.0.1 - - [08/Sep/2025 22:10:21] "OPTIONS /api/videos HTTP/1.1" 200 -
2025-09-08 22:10:21,990 - werkzeug - INFO - 127.0.0.1 - - [08/Sep/2025 22:10:21] "POST /api/videos HTTP/1.1" 200 -
2025-09-08 22:10:23,298 - werkzeug - INFO - 127.0.0.1 - - [08/Sep/2025 22:10:23] "DELETE /api/config/twelvelabs HTTP/1.1" 200 -
2025-09-08 22:10:23,302 - werkzeug - INFO - 127.0.0.1 - - [08/Sep/2025 22:10:23] "OPTIONS /api/indexes HTTP/1.1" 200 -
2025-09-08 22:10:23,304 - werkzeug - INFO - 127.0.0.1 - - [08/Sep/2025 22:10:23] "[31m[1mPOST /api/indexes HTTP/1.1[0m" 400 -
2025-09-08 22:10:24,862 - werkzeug - INFO - 127.0.0.1 - - [08/Sep/2025 22:10:24] "OPTIONS /api/config/twelvelabs HTTP/1.1" 200 -
2025-09-08 22:10:24,865 - werkzeug - INFO - 127.0.0.1 - - [08/Sep/2025 22:10:24] "DELETE /api/config/twelvelabs HTTP/1.1" 200 -
2025-09-08 22:10:24,869 - werkzeug - INFO - 127.0.0.1 - - [08/Sep/2025 22:10:24] "[31m[1mPOST /api/indexes HTTP/1.1[0m" 400 -
2025-09-08 22:10:25,077 - werkzeug - INFO - 127.0.0.1 - - [08/Sep/2025 22:10:25] "DELETE /api/config/twelvelabs HTTP/1.1" 200 -
2025-09-08 22:10:25,088 - werkzeug - INFO - 127.0.0.1 - - [08/Sep/2025 22:10:25] "[31m[1mPOST /api/indexes HTTP/1.1[0m" 400 -
2025-09-08 22:10:25,257 - werkzeug - INFO - 127.0.0.1 - - [08/Sep/2025 22:10:25] "DELETE /api/config/twelvelabs HTTP/1.1" 200 -
2025-09-08 22:10:25,288 - werkzeug - INFO - 127.0.0.1 - - [08/Sep/2025 22:10:25] "[31m[1mPOST /api/indexes HTTP/1.1[0m" 400 -
2025-09-08 22:10:25,438 - werkzeug - INFO - 127.0.0.1 - - [08/Sep/2025 22:10:25] "DELETE /api/config/twelvelabs HTTP/1.1" 200 -
2025-09-08 22:10:25,456 - werkzeug - INFO - 127.0.0.1 - - [08/Sep/2025 22:10:25] "[31m[1mPOST /api/indexes HTTP/1.1[0m" 400 -
2025-09-08 22:10:25,609 - werkzeug - INFO - 127.0.0.1 - - [08/Sep/2025 22:10:25] "DELETE /api/config/twelvelabs HTTP/1.1" 200 -
2025-09-08 22:10:25,622 - werkzeug - INFO - 127.0.0.1 - - [08/Sep/2025 22:10:25] "[31m[1mPOST /api/indexes HTTP/1.1[0m" 400 -
2025-09-08 22:10:25,777 - werkzeug - INFO - 127.0.0.1 - - [08/Sep/2025 22:10:25] "DELETE /api/config/twelvelabs HTTP/1.1" 200 -
2025-09-08 22:10:25,791 - werkzeug - INFO - 127.0.0.1 - - [08/Sep/2025 22:10:25] "[31m[1mPOST /api/indexes HTTP/1.1[0m" 400 -
2025-09-08 22:10:25,952 - werkzeug - INFO - 127.0.0.1 - - [08/Sep/2025 22:10:25] "DELETE /api/config/twelvelabs HTTP/1.1" 200 -
2025-09-08 22:10:25,957 - werkzeug - INFO - 127.0.0.1 - - [08/Sep/2025 22:10:25] "[31m[1mPOST /api/indexes HTTP/1.1[0m" 400 -
2025-09-08 22:10:26,124 - werkzeug - INFO - 127.0.0.1 - - [08/Sep/2025 22:10:26] "DELETE /api/config/twelvelabs HTTP/1.1" 200 -
2025-09-08 22:10:26,156 - werkzeug - INFO - 127.0.0.1 - - [08/Sep/2025 22:10:26] "[31m[1mPOST /api/indexes HTTP/1.1[0m" 400 -
2025-09-08 22:10:26,294 - werkzeug - INFO - 127.0.0.1 - - [08/Sep/2025 22:10:26] "DELETE /api/config/twelvelabs HTTP/1.1" 200 -
2025-09-08 22:10:26,322 - werkzeug - INFO - 127.0.0.1 - - [08/Sep/2025 22:10:26] "[31m[1mPOST /api/indexes HTTP/1.1[0m" 400 -
2025-09-08 22:10:26,481 - werkzeug - INFO - 127.0.0.1 - - [08/Sep/2025 22:10:26] "DELETE /api/config/twelvelabs HTTP/1.1" 200 -
2025-09-08 22:10:26,488 - werkzeug - INFO - 127.0.0.1 - - [08/Sep/2025 22:10:26] "[31m[1mPOST /api/indexes HTTP/1.1[0m" 400 -
2025-09-08 22:10:26,651 - werkzeug - INFO - 127.0.0.1 - - [08/Sep/2025 22:10:26] "DELETE /api/config/twelvelabs HTTP/1.1" 200 -
2025-09-08 22:10:26,656 - werkzeug - INFO - 127.0.0.1 - - [08/Sep/2025 22:10:26] "[31m[1mPOST /api/indexes HTTP/1.1[0m" 400 -
2025-09-08 22:10:26,811 - werkzeug - INFO - 127.0.0.1 - - [08/Sep/2025 22:10:26] "DELETE /api/config/twelvelabs HTTP/1.1" 200 -
2025-09-08 22:10:26,824 - werkzeug - INFO - 127.0.0.1 - - [08/Sep/2025 22:10:26] "[31m[1mPOST /api/indexes HTTP/1.1[0m" 400 -
2025-09-08 22:10:26,991 - werkzeug - INFO - 127.0.0.1 - - [08/Sep/2025 22:10:26] "DELETE /api/config/twelvelabs HTTP/1.1" 200 -
2025-09-08 22:10:26,995 - werkzeug - INFO - 127.0.0.1 - - [08/Sep/2025 22:10:26] "[31m[1mPOST /api/indexes HTTP/1.1[0m" 400 -
2025-09-08 22:10:56,857 - werkzeug - INFO - 127.0.0.1 - - [08/Sep/2025 22:10:56] "OPTIONS /api/config/twelvelabs HTTP/1.1" 200 -
2025-09-08 22:10:56,861 - werkzeug - INFO - 127.0.0.1 - - [08/Sep/2025 22:10:56] "DELETE /api/config/twelvelabs HTTP/1.1" 200 -
2025-09-08 22:10:56,869 - werkzeug - INFO - 127.0.0.1 - - [08/Sep/2025 22:10:56] "OPTIONS /api/indexes HTTP/1.1" 200 -
2025-09-08 22:10:56,871 - werkzeug - INFO - 127.0.0.1 - - [08/Sep/2025 22:10:56] "[31m[1mPOST /api/indexes HTTP/1.1[0m" 400 -
2025-09-08 22:11:05,517 - werkzeug - INFO - 127.0.0.1 - - [08/Sep/2025 22:11:05] "OPTIONS /api/workflow HTTP/1.1" 200 -
2025-09-08 22:11:05,521 - routes.api_routes - INFO - === WORKFLOW REQUEST START ===
2025-09-08 22:11:05,521 - routes.api_routes - INFO - Request data: {
  "index_id": "689df72e4427a7b96b7a2cb8",
  "video_id": "689df76cb1ba49c5144b7eca",
  "analysis_prompt": "Research about it",
  "research_query": "Research about it"
}
2025-09-08 22:11:05,522 - werkzeug - INFO - 127.0.0.1 - - [08/Sep/2025 22:11:05] "POST /api/workflow HTTP/1.1" 200 -
2025-09-08 22:11:10,411 - werkzeug - INFO - 127.0.0.1 - - [08/Sep/2025 22:11:10] "OPTIONS /api/indexes HTTP/1.1" 200 -
2025-09-08 22:11:10,413 - werkzeug - INFO - 127.0.0.1 - - [08/Sep/2025 22:11:10] "[31m[1mPOST /api/indexes HTTP/1.1[0m" 400 -
2025-09-08 22:11:20,648 - apscheduler.scheduler - INFO - Adding job tentatively -- it will be properly scheduled when the scheduler starts
2025-09-08 22:11:20,649 - apscheduler.scheduler - INFO - Added job "wake_up_app" to job store "default"
2025-09-08 22:11:20,649 - apscheduler.scheduler - INFO - Scheduler started
2025-09-08 22:11:20,651 - dotenv.main - WARNING - python-dotenv could not parse statement starting at line 10
2025-09-08 22:11:20,651 - dotenv.main - WARNING - python-dotenv could not parse statement starting at line 13
2025-09-08 22:11:20,657 - werkzeug - INFO - [31m[1mWARNING: This is a development server. Do not use it in a production deployment. Use a production WSGI server instead.[0m
 * Running on all addresses (0.0.0.0)
 * Running on http://127.0.0.1:5000
 * Running on http://192.168.2.73:5000
2025-09-08 22:11:20,657 - werkzeug - INFO - [33mPress CTRL+C to quit[0m
2025-09-08 22:11:20,662 - werkzeug - INFO -  * Restarting with watchdog (fsevents)
2025-09-08 22:11:20,948 - apscheduler.scheduler - INFO - Adding job tentatively -- it will be properly scheduled when the scheduler starts
2025-09-08 22:11:20,949 - apscheduler.scheduler - INFO - Added job "wake_up_app" to job store "default"
2025-09-08 22:11:20,949 - apscheduler.scheduler - INFO - Scheduler started
2025-09-08 22:11:20,951 - dotenv.main - WARNING - python-dotenv could not parse statement starting at line 10
2025-09-08 22:11:20,951 - dotenv.main - WARNING - python-dotenv could not parse statement starting at line 13
2025-09-08 22:11:20,952 - werkzeug - WARNING -  * Debugger is active!
2025-09-08 22:11:20,959 - werkzeug - INFO -  * Debugger PIN: 237-707-018
2025-09-08 22:11:25,768 - werkzeug - INFO - 127.0.0.1 - - [08/Sep/2025 22:11:25] "OPTIONS /api/indexes HTTP/1.1" 200 -
2025-09-08 22:11:26,599 - werkzeug - INFO - 127.0.0.1 - - [08/Sep/2025 22:11:26] "POST /api/indexes HTTP/1.1" 200 -
2025-09-08 22:11:26,605 - werkzeug - INFO - 127.0.0.1 - - [08/Sep/2025 22:11:26] "OPTIONS /api/videos HTTP/1.1" 200 -
2025-09-08 22:11:27,220 - werkzeug - INFO - 127.0.0.1 - - [08/Sep/2025 22:11:27] "POST /api/videos HTTP/1.1" 200 -
2025-09-08 22:11:29,849 - werkzeug - INFO - 127.0.0.1 - - [08/Sep/2025 22:11:29] "POST /api/videos HTTP/1.1" 200 -
2025-09-08 22:11:34,956 - werkzeug - INFO - 127.0.0.1 - - [08/Sep/2025 22:11:34] "OPTIONS /api/workflow HTTP/1.1" 200 -
2025-09-08 22:11:34,959 - routes.api_routes - INFO - === WORKFLOW REQUEST START ===
2025-09-08 22:11:34,959 - routes.api_routes - INFO - Request data: {
  "index_id": "6893518408a37aa08793c4fe",
  "video_id": "68bce2fa30049231acbe7051",
  "analysis_prompt": "Research about it",
  "research_query": "Research about it"
}
2025-09-08 22:11:34,960 - werkzeug - INFO - 127.0.0.1 - - [08/Sep/2025 22:11:34] "POST /api/workflow HTTP/1.1" 200 -
2025-09-08 22:11:45,843 - httpx - INFO - HTTP Request: POST https://api.twelvelabs.io/v1.3/analyze "HTTP/1.1 200 OK"
2025-09-08 22:12:05,312 - werkzeug - INFO - 127.0.0.1 - - [08/Sep/2025 22:12:05] "OPTIONS /api/config/twelvelabs HTTP/1.1" 200 -
2025-09-08 22:12:05,316 - werkzeug - INFO - 127.0.0.1 - - [08/Sep/2025 22:12:05] "DELETE /api/config/twelvelabs HTTP/1.1" 200 -
2025-09-08 22:12:09,258 - werkzeug - INFO - 127.0.0.1 - - [08/Sep/2025 22:12:09] "POST /api/config/twelvelabs HTTP/1.1" 200 -
2025-09-08 22:12:09,264 - werkzeug - INFO - 127.0.0.1 - - [08/Sep/2025 22:12:09] "OPTIONS /api/videos HTTP/1.1" 200 -
2025-09-08 22:12:09,890 - werkzeug - INFO - 127.0.0.1 - - [08/Sep/2025 22:12:09] "POST /api/videos HTTP/1.1" 200 -
2025-09-08 22:12:16,727 - werkzeug - INFO - 127.0.0.1 - - [08/Sep/2025 22:12:16] "OPTIONS /api/config/twelvelabs HTTP/1.1" 200 -
2025-09-08 22:12:16,730 - werkzeug - INFO - 127.0.0.1 - - [08/Sep/2025 22:12:16] "DELETE /api/config/twelvelabs HTTP/1.1" 200 -
2025-09-08 22:12:16,766 - werkzeug - INFO - 127.0.0.1 - - [08/Sep/2025 22:12:16] "OPTIONS /api/indexes HTTP/1.1" 200 -
2025-09-08 22:12:16,769 - werkzeug - INFO - 127.0.0.1 - - [08/Sep/2025 22:12:16] "[31m[1mPOST /api/indexes HTTP/1.1[0m" 400 -
2025-09-08 22:12:24,085 - werkzeug - INFO - 127.0.0.1 - - [08/Sep/2025 22:12:24] "OPTIONS /api/config/twelvelabs HTTP/1.1" 200 -
2025-09-08 22:12:24,087 - werkzeug - INFO - 127.0.0.1 - - [08/Sep/2025 22:12:24] "DELETE /api/config/twelvelabs HTTP/1.1" 200 -
2025-09-08 22:12:24,092 - werkzeug - INFO - 127.0.0.1 - - [08/Sep/2025 22:12:24] "OPTIONS /api/indexes HTTP/1.1" 200 -
2025-09-08 22:12:24,094 - werkzeug - INFO - 127.0.0.1 - - [08/Sep/2025 22:12:24] "[31m[1mPOST /api/indexes HTTP/1.1[0m" 400 -
2025-09-08 22:12:29,711 - werkzeug - INFO - 127.0.0.1 - - [08/Sep/2025 22:12:29] "OPTIONS /api/workflow HTTP/1.1" 200 -
2025-09-08 22:12:29,714 - routes.api_routes - INFO - === WORKFLOW REQUEST START ===
2025-09-08 22:12:29,714 - routes.api_routes - INFO - Request data: {
  "index_id": "689df72e4427a7b96b7a2cb8",
  "video_id": "689df76cb1ba49c5144b7eca",
  "analysis_prompt": "Research about it",
  "research_query": "Research about it"
}
2025-09-08 22:12:29,714 - werkzeug - INFO - 127.0.0.1 - - [08/Sep/2025 22:12:29] "POST /api/workflow HTTP/1.1" 200 -
2025-09-08 22:12:59,797 - werkzeug - INFO - 127.0.0.1 - - [08/Sep/2025 22:12:59] "OPTIONS /api/config/twelvelabs HTTP/1.1" 200 -
2025-09-08 22:13:00,510 - werkzeug - INFO - 127.0.0.1 - - [08/Sep/2025 22:13:00] "POST /api/config/twelvelabs HTTP/1.1" 200 -
2025-09-08 22:13:00,518 - werkzeug - INFO - 127.0.0.1 - - [08/Sep/2025 22:13:00] "OPTIONS /api/videos HTTP/1.1" 200 -
2025-09-08 22:13:01,165 - werkzeug - INFO - 127.0.0.1 - - [08/Sep/2025 22:13:01] "POST /api/videos HTTP/1.1" 200 -
2025-09-08 22:13:02,845 - werkzeug - INFO - 127.0.0.1 - - [08/Sep/2025 22:13:02] "OPTIONS /api/workflow HTTP/1.1" 200 -
2025-09-08 22:13:02,847 - routes.api_routes - INFO - === WORKFLOW REQUEST START ===
2025-09-08 22:13:02,848 - routes.api_routes - INFO - Request data: {
  "index_id": "689df72e4427a7b96b7a2cb8",
  "video_id": "689df76cb1ba49c5144b7eca",
  "analysis_prompt": "Research about it",
  "research_query": "Research about it"
}
2025-09-08 22:13:02,848 - werkzeug - INFO - 127.0.0.1 - - [08/Sep/2025 22:13:02] "POST /api/workflow HTTP/1.1" 200 -
2025-09-08 22:13:15,479 - httpx - INFO - HTTP Request: POST https://api.twelvelabs.io/v1.3/analyze "HTTP/1.1 200 OK"
2025-09-08 22:13:34,031 - werkzeug - INFO - 127.0.0.1 - - [08/Sep/2025 22:13:34] "OPTIONS /api/config/twelvelabs HTTP/1.1" 200 -
2025-09-08 22:13:34,034 - werkzeug - INFO - 127.0.0.1 - - [08/Sep/2025 22:13:34] "DELETE /api/config/twelvelabs HTTP/1.1" 200 -
2025-09-08 22:13:34,039 - werkzeug - INFO - 127.0.0.1 - - [08/Sep/2025 22:13:34] "OPTIONS /api/indexes HTTP/1.1" 200 -
2025-09-08 22:13:34,042 - werkzeug - INFO - 127.0.0.1 - - [08/Sep/2025 22:13:34] "[31m[1mPOST /api/indexes HTTP/1.1[0m" 400 -
2025-09-08 22:13:36,803 - werkzeug - INFO - 127.0.0.1 - - [08/Sep/2025 22:13:36] "DELETE /api/config/twelvelabs HTTP/1.1" 200 -
2025-09-08 22:13:36,841 - werkzeug - INFO - 127.0.0.1 - - [08/Sep/2025 22:13:36] "[31m[1mPOST /api/indexes HTTP/1.1[0m" 400 -
2025-09-08 22:15:41,590 - apscheduler.scheduler - INFO - Adding job tentatively -- it will be properly scheduled when the scheduler starts
2025-09-08 22:15:41,591 - apscheduler.scheduler - INFO - Added job "wake_up_app" to job store "default"
2025-09-08 22:15:41,591 - apscheduler.scheduler - INFO - Scheduler started
2025-09-08 22:15:41,593 - dotenv.main - WARNING - python-dotenv could not parse statement starting at line 10
2025-09-08 22:15:41,593 - dotenv.main - WARNING - python-dotenv could not parse statement starting at line 13
2025-09-08 22:15:41,600 - werkzeug - INFO - [31m[1mWARNING: This is a development server. Do not use it in a production deployment. Use a production WSGI server instead.[0m
 * Running on all addresses (0.0.0.0)
 * Running on http://127.0.0.1:5000
 * Running on http://192.168.2.73:5000
2025-09-08 22:15:41,600 - werkzeug - INFO - [33mPress CTRL+C to quit[0m
2025-09-08 22:15:41,605 - werkzeug - INFO -  * Restarting with watchdog (fsevents)
2025-09-08 22:15:41,911 - apscheduler.scheduler - INFO - Adding job tentatively -- it will be properly scheduled when the scheduler starts
2025-09-08 22:15:41,912 - apscheduler.scheduler - INFO - Added job "wake_up_app" to job store "default"
2025-09-08 22:15:41,912 - apscheduler.scheduler - INFO - Scheduler started
2025-09-08 22:15:41,914 - dotenv.main - WARNING - python-dotenv could not parse statement starting at line 10
2025-09-08 22:15:41,914 - dotenv.main - WARNING - python-dotenv could not parse statement starting at line 13
2025-09-08 22:15:41,915 - werkzeug - WARNING -  * Debugger is active!
2025-09-08 22:15:41,922 - werkzeug - INFO -  * Debugger PIN: 237-707-018
2025-09-08 22:15:49,934 - werkzeug - INFO - 127.0.0.1 - - [08/Sep/2025 22:15:49] "OPTIONS /api/indexes HTTP/1.1" 200 -
2025-09-08 22:15:50,665 - werkzeug - INFO - 127.0.0.1 - - [08/Sep/2025 22:15:50] "POST /api/indexes HTTP/1.1" 200 -
2025-09-08 22:15:50,752 - werkzeug - INFO - 127.0.0.1 - - [08/Sep/2025 22:15:50] "OPTIONS /api/videos HTTP/1.1" 200 -
2025-09-08 22:15:51,340 - werkzeug - INFO - 127.0.0.1 - - [08/Sep/2025 22:15:51] "POST /api/videos HTTP/1.1" 200 -
2025-09-08 22:15:52,764 - werkzeug - INFO - 127.0.0.1 - - [08/Sep/2025 22:15:52] "POST /api/videos HTTP/1.1" 200 -
2025-09-08 22:15:59,539 - werkzeug - INFO - 127.0.0.1 - - [08/Sep/2025 22:15:59] "OPTIONS /api/workflow HTTP/1.1" 200 -
2025-09-08 22:15:59,541 - routes.api_routes - INFO - === WORKFLOW REQUEST START ===
2025-09-08 22:15:59,541 - routes.api_routes - INFO - Request data: {
  "index_id": "6893518408a37aa08793c4fe",
  "video_id": "68bce2fa30049231acbe7051",
  "analysis_prompt": "Research about it",
  "research_query": "Research about it"
}
2025-09-08 22:15:59,541 - werkzeug - INFO - 127.0.0.1 - - [08/Sep/2025 22:15:59] "POST /api/workflow HTTP/1.1" 200 -
2025-09-08 22:16:08,992 - httpx - INFO - HTTP Request: POST https://api.twelvelabs.io/v1.3/analyze "HTTP/1.1 200 OK"
